<?xml version="1.0" encoding="UTF-8"?>
<Site BuildName="(empty)"
	BuildStamp="20240811-0935-Experimental"
	Name="tanakon-ROG-Zephyrus-Duo-15-SE-GX551QS-GX551QS"
	Generator="ctest-3.28.1"
	CompilerName="/usr/bin/c++"
	CompilerVersion="11.4.0"
	OSName="Linux"
	Hostname="tanakon-ROG-Zephyrus-Duo-15-SE-GX551QS-GX551QS"
	OSRelease="6.5.0-44-generic"
	OSVersion="#44~22.04.1-Ubuntu SMP PREEMPT_DYNAMIC Tue Jun 18 14:36:16 UTC 2"
	OSPlatform="x86_64"
	Is64Bits="1"
	VendorString="AuthenticAMD"
	VendorID="Advanced Micro Devices"
	FamilyID="25"
	ModelID="80"
	ProcessorCacheSize="512"
	NumberOfLogicalCPU="16"
	NumberOfPhysicalCPU="8"
	TotalVirtualMemory="0"
	TotalPhysicalMemory="31484"
	LogicalProcessorsPerPhysical="2"
	ProcessorClockFrequency="4491.5"
	>
	<Testing>
		<StartDateTime>Aug 11 18:14 +07</StartDateTime>
		<StartTestTime>1723374863</StartTestTime>
		<TestList/>
		<EndDateTime>Aug 11 18:14 +07</EndDateTime>
		<EndTestTime>1723374863</EndTestTime>
		<ElapsedMinutes>0</ElapsedMinutes>
	</Testing>
</Site>
